gcc -MM  >.depend
gcc: no input files
gcc -Wall -ansi -pedantic -D_DEBUG -D_BSD_SOURCE -O3 -fopenmp -g -std=c99 -D_XOPEN_SOURCE=600 -Wmissing-prototypes -Wmissing-declarations -Winline -Wcast-qual -Wstrict-prototypes -Wdeclaration-after-statement -Wno-unused-parameter -Werror   -c -o Mackey_Glass.o Mackey_Glass.c
gcc -Wall -ansi -pedantic -D_DEBUG -D_BSD_SOURCE -O3 -fopenmp -g -std=c99 -D_XOPEN_SOURCE=600 -Wmissing-prototypes -Wmissing-declarations -Winline -Wcast-qual -Wstrict-prototypes -Wdeclaration-after-statement -Wno-unused-parameter -Werror Mackey_Glass.o -lgsl -lgslcblas -lm -o Mackey_Glass; \
	echo "\n\nPara ejecutar el programa ingrese \"./Mackey_Glass\"\n"


Para ejecutar el programa ingrese "./Mackey_Glass"

gcc -Wall -ansi -pedantic -D_DEBUG -D_BSD_SOURCE -O3 -fopenmp -g -std=c99 -D_XOPEN_SOURCE=600 -Wmissing-prototypes -Wmissing-declarations -Winline -Wcast-qual -Wstrict-prototypes -Wdeclaration-after-statement -Wno-unused-parameter -Werror   -c -o consequent_parameters.o consequent_parameters.c
gcc -Wall -ansi -pedantic -D_DEBUG -D_BSD_SOURCE -O3 -fopenmp -g -std=c99 -D_XOPEN_SOURCE=600 -Wmissing-prototypes -Wmissing-declarations -Winline -Wcast-qual -Wstrict-prototypes -Wdeclaration-after-statement -Wno-unused-parameter -Werror   -c -o mzran13.o mzran13.c
gcc -Wall -ansi -pedantic -D_DEBUG -D_BSD_SOURCE -O3 -fopenmp -g -std=c99 -D_XOPEN_SOURCE=600 -Wmissing-prototypes -Wmissing-declarations -Winline -Wcast-qual -Wstrict-prototypes -Wdeclaration-after-statement -Wno-unused-parameter -Werror   -c -o anfis.o anfis.c
gcc -Wall -ansi -pedantic -D_DEBUG -D_BSD_SOURCE -O3 -fopenmp -g -std=c99 -D_XOPEN_SOURCE=600 -Wmissing-prototypes -Wmissing-declarations -Winline -Wcast-qual -Wstrict-prototypes -Wdeclaration-after-statement -Wno-unused-parameter -Werror   -c -o main.o main.c
make: Circular anfis_mg <- anfis_mg dependency dropped.
gcc -Wall -ansi -pedantic -D_DEBUG -D_BSD_SOURCE -O3 -fopenmp -g -std=c99 -D_XOPEN_SOURCE=600 -Wmissing-prototypes -Wmissing-declarations -Winline -Wcast-qual -Wstrict-prototypes -Wdeclaration-after-statement -Wno-unused-parameter -Werror consequent_parameters.o mzran13.o anfis.o main.o -lgsl -lgslcblas -lm -o anfis_mg; \
	echo "\n\nPara ejecutar el aprendizaje ANFIS de Mackey-Glass " \
		"ingrese \"./anfis_mg\"\n"


Para ejecutar el aprendizaje ANFIS de Mackey-Glass  ingrese "./anfis_mg"

Red ANFIS antes del aprendizaje:

# of inputs:		N = 4
# of MF per input:	T = 2
# of fuzzy rules:	M = 16

Membership functions:
MF[0,0] kind: bell
Paramaters: a = 0.4094, b = 2.5000, c = 0.2090

MF[0,1] kind: bell
Paramaters: a = 0.4094, b = 2.5000, c = 1.0824

MF[1,0] kind: bell
Paramaters: a = 0.4094, b = 2.5000, c = 0.2090

MF[1,1] kind: bell
Paramaters: a = 0.4094, b = 2.5000, c = 1.0824

MF[2,0] kind: bell
Paramaters: a = 0.4094, b = 2.5000, c = 0.2090

MF[2,1] kind: bell
Paramaters: a = 0.4094, b = 2.5000, c = 1.0824

MF[3,0] kind: bell
Paramaters: a = 0.4094, b = 2.5000, c = 0.2090

MF[3,1] kind: bell
Paramaters: a = 0.4094, b = 2.5000, c = 1.0824

Consequent parameters:
P[0][0]    = 0.00     P[0][1]    = 0.00     P[0][2]    = 0.00     P[0][3]    = 0.00     P[0][3]    = 0.00
P[1][0]    = 0.00     P[1][1]    = 0.00     P[1][2]    = 0.00     P[1][3]    = 0.00     P[1][3]    = 0.00
P[2][0]    = 0.00     P[2][1]    = 0.00     P[2][2]    = 0.00     P[2][3]    = 0.00     P[2][3]    = 0.00
P[3][0]    = 0.00     P[3][1]    = 0.00     P[3][2]    = 0.00     P[3][3]    = 0.00     P[3][3]    = 0.00
P[4][0]    = 0.00     P[4][1]    = 0.00     P[4][2]    = 0.00     P[4][3]    = 0.00     P[4][3]    = 0.00
P[5][0]    = 0.00     P[5][1]    = 0.00     P[5][2]    = 0.00     P[5][3]    = 0.00     P[5][3]    = 0.00
P[6][0]    = 0.00     P[6][1]    = 0.00     P[6][2]    = 0.00     P[6][3]    = 0.00     P[6][3]    = 0.00
P[7][0]    = 0.00     P[7][1]    = 0.00     P[7][2]    = 0.00     P[7][3]    = 0.00     P[7][3]    = 0.00
P[8][0]    = 0.00     P[8][1]    = 0.00     P[8][2]    = 0.00     P[8][3]    = 0.00     P[8][3]    = 0.00
P[9][0]    = 0.00     P[9][1]    = 0.00     P[9][2]    = 0.00     P[9][3]    = 0.00     P[9][3]    = 0.00
P[10][0]   = 0.00     P[10][1]   = 0.00     P[10][2]   = 0.00     P[10][3]   = 0.00     P[10][3]   = 0.00
P[11][0]   = 0.00     P[11][1]   = 0.00     P[11][2]   = 0.00     P[11][3]   = 0.00     P[11][3]   = 0.00
P[12][0]   = 0.00     P[12][1]   = 0.00     P[12][2]   = 0.00     P[12][3]   = 0.00     P[12][3]   = 0.00
P[13][0]   = 0.00     P[13][1]   = 0.00     P[13][2]   = 0.00     P[13][3]   = 0.00     P[13][3]   = 0.00
P[14][0]   = 0.00     P[14][1]   = 0.00     P[14][2]   = 0.00     P[14][3]   = 0.00     P[14][3]   = 0.00
P[15][0]   = 0.00     P[15][1]   = 0.00     P[15][2]   = 0.00     P[15][3]   = 0.00     P[15][3]   = 0.00


Red ANFIS después del aprendizaje:

# of inputs:		N = 4
# of MF per input:	T = 2
# of fuzzy rules:	M = 16

Membership functions:
MF[0,0] kind: bell
Paramaters: a = 0.4220, b = 2.5003, c = 0.2135

MF[0,1] kind: bell
Paramaters: a = 0.4542, b = 2.5021, c = 1.0492

MF[1,0] kind: bell
Paramaters: a = 0.3299, b = 2.5060, c = 0.1123

MF[1,1] kind: bell
Paramaters: a = 0.4960, b = 2.4910, c = 0.9899

MF[2,0] kind: bell
Paramaters: a = 0.2427, b = 2.4992, c = 0.0528

MF[2,1] kind: bell
Paramaters: a = 0.5569, b = 2.4982, c = 0.9186

MF[3,0] kind: bell
Paramaters: a = 0.0541, b = 2.4753, c = -0.0127

MF[3,1] kind: bell
Paramaters: a = 0.3339, b = 2.4923, c = 1.1084

Consequent parameters:
P[0][0]    = -0.37    P[0][1]    = 1.40     P[0][2]    = -0.16    P[0][3]    = -2.73    P[0][3]    = 0.98
P[1][0]    = -0.62    P[1][1]    = -0.33    P[1][2]    = -0.08    P[1][3]    = -0.33    P[1][3]    = -0.16
P[2][0]    = 1.54     P[2][1]    = -1.47    P[2][2]    = 2.16     P[2][3]    = -2.50    P[2][3]    = 1.19
P[3][0]    = 0.55     P[3][1]    = -0.69    P[3][2]    = 0.62     P[3][3]    = 0.65     P[3][3]    = 0.07
P[4][0]    = 2.03     P[4][1]    = 2.95     P[4][2]    = 4.22     P[4][3]    = -0.04    P[4][3]    = 1.02
P[5][0]    = 0.36     P[5][1]    = 1.03     P[5][2]    = 2.48     P[5][3]    = -1.18    P[5][3]    = -0.71
P[6][0]    = 3.38     P[6][1]    = -2.72    P[6][2]    = -0.56    P[6][3]    = 3.79     P[6][3]    = -3.85
P[7][0]    = 0.48     P[7][1]    = 0.60     P[7][2]    = 0.83     P[7][3]    = 0.08     P[7][3]    = -0.35
P[8][0]    = 0.77     P[8][1]    = -0.28    P[8][2]    = 1.31     P[8][3]    = 0.62     P[8][3]    = -0.51
P[9][0]    = 0.12     P[9][1]    = 0.87     P[9][2]    = 2.95     P[9][3]    = -0.89    P[9][3]    = -1.21
P[10][0]   = -1.86    P[10][1]   = 0.18     P[10][2]   = 2.36     P[10][3]   = -0.52    P[10][3]   = 1.52
P[11][0]   = -0.94    P[11][1]   = 1.27     P[11][2]   = 0.06     P[11][3]   = 0.53     P[11][3]   = 0.85
P[12][0]   = -1.24    P[12][1]   = 0.74     P[12][2]   = -0.65    P[12][3]   = -1.85    P[12][3]   = 3.04
P[13][0]   = 0.55     P[13][1]   = 0.64     P[13][2]   = -0.39    P[13][3]   = 1.86     P[13][3]   = -1.31
P[14][0]   = 2.37     P[14][1]   = -0.58    P[14][2]   = -1.43    P[14][3]   = 0.31     P[14][3]   = 0.32
P[15][0]   = 0.29     P[15][1]   = -0.22    P[15][2]   = 0.02     P[15][3]   = 0.85     P[15][3]   = 0.23
rm -f .depend gen_test op_test Mackey_Glass anfis_mg *.o *~
