
Memoria #0:
[ +1 -1 +1 +1 +1 -1 -1 -1 +1 +1 ]

Memoria #1:
[ -1 +1 -1 -1 -1 +1 +1 -1 +1 -1 ]

Memoria #2:
[ -1 -1 +1 +1 -1 +1 -1 -1 -1 +1 ]

Memoria #3:
[ +1 -1 +1 -1 -1 -1 +1 +1 -1 +1 ]

Memoria #4:
[ -1 -1 -1 +1 +1 -1 +1 -1 -1 -1 ]

~~~~~~~~~~~~~~~~~~~~~~~~~~~~~~~~~~~~~~~~~~~~~~~~~~~~~~~~~~~~~~~~~~~~~~~~~~~~~~~~

Sinaptic mesh W[i][j]
0.00	-0.10	0.30	-0.10	0.10	-0.30	-0.10	0.30	0.10	0.30	
-0.10	0.00	-0.30	-0.30	-0.10	0.30	0.10	0.10	0.30	-0.30	
0.30	-0.30	0.00	0.10	-0.10	-0.10	-0.30	0.10	-0.10	0.50	
-0.10	-0.30	0.10	0.00	0.30	-0.10	-0.30	-0.30	-0.10	0.10	
0.10	-0.10	-0.10	0.30	0.00	-0.30	-0.10	-0.10	0.10	-0.10	
-0.30	0.30	-0.10	-0.10	-0.30	0.00	-0.10	-0.10	0.10	-0.10	
-0.10	0.10	-0.30	-0.30	-0.10	-0.10	0.00	0.10	-0.10	-0.30	
0.30	0.10	0.10	-0.30	-0.10	-0.10	0.10	0.00	-0.10	0.10	
0.10	0.30	-0.10	-0.10	0.10	0.10	-0.10	-0.10	0.00	-0.10	
0.30	-0.30	0.50	0.10	-0.10	-0.10	-0.30	0.10	-0.10	0.00	


~~~~~~~~~~~~~~~~~~~~~~~~~~~~~~~~~~~~~~~~~~~~~~~~~~~~~~~~~~~~~~~~~~~~~~~~~~~~~~~~

Estado 0				(DET)
[ +1 -1 +1 +1 +1 -1 -1 -1 -1 +1 ]

Estado 1				(DET)
[ +1 -1 +1 +1 +1 -1 -1 +1 -1 +1 ]

Estado 2				(DET)
[ +1 -1 +1 +1 +1 -1 -1 +1 -1 +1 ]

Estado 3				(DET)
[ +1 -1 +1 +1 +1 -1 -1 +1 -1 +1 ]

Estado 4				(DET)
[ +1 -1 +1 +1 +1 -1 -1 +1 -1 +1 ]

Estado 5				(DET)
[ +1 -1 +1 +1 +1 -1 -1 +1 -1 +1 ]

Estado 6				(DET)
[ +1 -1 +1 +1 +1 -1 -1 +1 -1 +1 ]

Estado 7				(DET)
[ +1 -1 +1 +1 +1 -1 -1 +1 -1 +1 ]

Estado 8				(DET)
[ +1 -1 +1 +1 +1 -1 -1 +1 -1 +1 ]

Estado 9				(DET)
[ +1 -1 +1 +1 +1 -1 -1 +1 -1 +1 ]

~~~~~~~~~~~~~~~~~~~~~~~~~~~~~~~~~~~~~~~~~~~~~~~~~~~~~~~~~~~~~~~~~~~~~~~~~~~~~~~~

Estado 10				(EST)
[ +1 -1 -1 +1 +1 -1 -1 +1 -1 +1 ]

Estado 11				(EST)
[ +1 -1 +1 +1 -1 +1 +1 +1 -1 +1 ]

Estado 12				(EST)
[ +1 -1 +1 -1 -1 +1 +1 +1 -1 +1 ]

Estado 13				(EST)
[ +1 -1 +1 -1 -1 -1 +1 +1 -1 +1 ]

Estado 14				(EST)
[ +1 -1 +1 -1 -1 -1 +1 +1 -1 +1 ]

Estado 15				(EST)
[ +1 +1 +1 -1 -1 +1 +1 +1 -1 -1 ]

Estado 16				(EST)
[ -1 +1 -1 -1 -1 -1 +1 +1 +1 +1 ]

Estado 17				(EST)
[ -1 +1 +1 -1 +1 +1 +1 -1 -1 -1 ]

Estado 18				(EST)
[ +1 -1 -1 -1 -1 +1 -1 -1 -1 +1 ]

Estado 19				(EST)
[ +1 +1 +1 +1 -1 -1 -1 +1 +1 +1 ]
