00000000000i[     ] Bochs x86 Emulator 2.3
00000000000i[     ]   Build from CVS snapshot on August 27, 2006
00000000000i[     ] System configuration
00000000000i[     ]   processors: 1 (cores=1, HT threads=1)
00000000000i[     ]   A20 line support: yes
00000000000i[     ]   APIC support: yes
00000000000i[     ] CPU configuration
00000000000i[     ]   level: 6
00000000000i[     ]   paging support: yes, tlb enabled: yes
00000000000i[     ]   SMP support: no
00000000000i[     ]   FPU support: yes
00000000000i[     ]   MMX support: yes
00000000000i[     ]   SSE support: 4
00000000000i[     ]   v8086 mode support: yes
00000000000i[     ]   VME support: yes
00000000000i[     ]   3dnow! support: yes
00000000000i[     ]   PAE support: yes
00000000000i[     ]   PGE support: yes
00000000000i[     ]   PSE support: yes
00000000000i[     ]   x86-64 support: yes
00000000000i[     ]   SEP support: yes
00000000000i[     ] Optimization configuration
00000000000i[     ]   Guest2HostTLB support: yes
00000000000i[     ]   RepeatSpeedups support: yes
00000000000i[     ]   Icache support: yes
00000000000i[     ]   Host Asm support: yes
00000000000i[     ]   Fast function calls: yes
00000000000i[     ] Devices configuration
00000000000i[     ]   NE2000 support: yes
00000000000i[     ]   PCI support: yes
00000000000i[     ]   SB16 support: yes
00000000000i[     ]   USB support: yes
00000000000i[     ]   VGA extension support: vbe 
00000000000i[MEM0 ] allocated memory at 0xb7710008. after alignment, vector=0xb7711000
00000000000i[MEM0 ] 3,00MB
00000000000i[MEM0 ] rom at 0xffff0000/65536 ('/usr/share/bochs/BIOS-bochs-latest')
00000000000i[MEM0 ] rom at 0xc0000/38400 ('./VGABIOS-lgpl-latest')
00000000000i[APIC?] set APIC ID to 0
00000000000i[APIC0] 80686
00000000000i[APIC0] local apic in CPU apicid=00 initializing
00000000000i[     ] lt_dlhandle is 0x82e9f20
00000000000i[PLGIN] loaded plugin libbx_unmapped.la
00000000000i[     ] lt_dlhandle is 0x82ea3f0
00000000000i[PLGIN] loaded plugin libbx_biosdev.la
00000000000i[     ] lt_dlhandle is 0x82ea9f8
00000000000i[PLGIN] loaded plugin libbx_cmos.la
00000000000i[     ] lt_dlhandle is 0x82eab50
00000000000i[PLGIN] loaded plugin libbx_dma.la
00000000000i[     ] lt_dlhandle is 0x82eb0b0
00000000000i[PLGIN] loaded plugin libbx_pic.la
00000000000i[     ] lt_dlhandle is 0x82eba88
00000000000i[PLGIN] loaded plugin libbx_vga.la
00000000000i[     ] lt_dlhandle is 0x82ebf88
00000000000i[PLGIN] loaded plugin libbx_floppy.la
00000000000i[     ] lt_dlhandle is 0x82ec748
00000000000i[PLGIN] loaded plugin libbx_harddrv.la
00000000000i[     ] lt_dlhandle is 0x82ec8d8
00000000000i[PLGIN] loaded plugin libbx_keyboard.la
00000000000i[     ] lt_dlhandle is 0x82fea00
00000000000i[PLGIN] loaded plugin libbx_serial.la
00000000000i[     ] lt_dlhandle is 0x82feb38
00000000000i[PLGIN] loaded plugin libbx_parallel.la
00000000000i[     ] lt_dlhandle is 0x82ffa68
00000000000i[PLGIN] loaded plugin libbx_extfpuirq.la
00000000000i[     ] lt_dlhandle is 0x82fff38
00000000000i[PLGIN] loaded plugin libbx_gameport.la
00000000000i[     ] lt_dlhandle is 0x8300440
00000000000i[PLGIN] loaded plugin libbx_speaker.la
00000000000i[IOAP ] initializing I/O APIC
00000000000i[IOAP ] set APIC ID to 1
00000000000i[MEM0 ] Register memory access handlers: fec00000-fec00fff
00000000000i[CMOS ] Using local time for initial clock
00000000000i[CMOS ] Setting initial clock to: Sat Oct  3 15:58:50 2009 (time0=1254578330)
00000000000i[DMA  ] channel 4 used by cascade
00000000000i[DMA  ] channel 2 used by Floppy Drive
00000000000i[FDD  ] fd0: 'fd.img' ro=0, h=2,t=80,spt=18
00000000000i[MEM0 ] Register memory access handlers: 000a0000-000bffff
00000000000i[XGUI ] test_alloc_colors: 16 colors available out of 16 colors tried
00000000000i[XGUI ] font 8 wide x 16 high, display depth = 24
00000000000i[VGA  ] interval=300000
00000000000i[MEM0 ] Register memory access handlers: e0000000-e07fffff
00000000000i[VGA  ] VBE Bochs Display Extension Enabled
00000000000i[PLGIN] init_mem of 'harddrv' plugin device by virtual method
00000000000i[PLGIN] init_mem of 'keyboard' plugin device by virtual method
00000000000i[PLGIN] init_mem of 'serial' plugin device by virtual method
00000000000i[PLGIN] init_mem of 'parallel' plugin device by virtual method
00000000000i[PLGIN] init_mem of 'extfpuirq' plugin device by virtual method
00000000000i[PLGIN] init_mem of 'gameport' plugin device by virtual method
00000000000i[PLGIN] init_mem of 'speaker' plugin device by virtual method
00000000000i[PLGIN] init_dev of 'harddrv' plugin device by virtual method
00000000000i[HD   ] HD on ata0-0: './diskc.img' 'flat' mode 
00000000000i[HD   ] translation on ata0-0 set to 'large'
00000000000i[HD   ] Using boot sequence floppy, none, none
00000000000i[HD   ] Floppy boot signature check is enabled
00000000000i[PLGIN] init_dev of 'keyboard' plugin device by virtual method
00000000000i[KBD  ] will paste characters every 1000 keyboard ticks
00000000000i[PLGIN] init_dev of 'serial' plugin device by virtual method
00000000000i[SER  ] com1 at 0x03f8 irq 4
00000000000i[PLGIN] init_dev of 'parallel' plugin device by virtual method
00000000000i[PAR  ] parallel port 1 at 0x0378 irq 7
00000000000i[PLGIN] init_dev of 'extfpuirq' plugin device by virtual method
00000000000i[PLGIN] init_dev of 'gameport' plugin device by virtual method
00000000000i[PLGIN] init_dev of 'speaker' plugin device by virtual method
00000000000i[SPEAK] Failed to open /dev/console: No existe el fichero รณ directorio
00000000000i[SPEAK] Deactivating beep on console
00000000000i[PLGIN] register state of 'harddrv' plugin device by virtual method
00000000000i[PLGIN] register state of 'keyboard' plugin device by virtual method
00000000000i[PLGIN] register state of 'serial' plugin device by virtual method
00000000000i[PLGIN] register state of 'parallel' plugin device by virtual method
00000000000i[PLGIN] register state of 'extfpuirq' plugin device by virtual method
00000000000i[PLGIN] register state of 'gameport' plugin device by virtual method
00000000000i[PLGIN] register state of 'speaker' plugin device by virtual method
00000000000i[SYS  ] bx_pc_system_c::Reset(HARDWARE) called
00000000000i[APIC0] local apic in CPU 0 initializing
00000000000i[PLGIN] reset of 'harddrv' plugin device by virtual method
00000000000i[PLGIN] reset of 'keyboard' plugin device by virtual method
00000000000i[PLGIN] reset of 'serial' plugin device by virtual method
00000000000i[PLGIN] reset of 'parallel' plugin device by virtual method
00000000000i[PLGIN] reset of 'extfpuirq' plugin device by virtual method
00000000000i[PLGIN] reset of 'gameport' plugin device by virtual method
00000000000i[PLGIN] reset of 'speaker' plugin device by virtual method
00000000000i[XGUI ] [x] Mouse off
00000003740i[BIOS ] $Revision: 1.166 $ $Date: 2006/08/11 17:34:12 $
00000300000e[VGA  ] character height = 1, skipping text update
00000317449i[KBD  ] reset-disable command received
00000441958i[VBIOS] VGABios $Id: vgabios.c,v 1.67 2008/01/27 09:44:12 vruppert Exp $
00000442029i[VGA  ] VBE known Display Interface b0c0
00000442061i[VGA  ] VBE known Display Interface b0c4
00000444986i[VBIOS] VBE Bios $Id: vbe.c,v 1.60 2008/03/02 07:47:21 vruppert Exp $
00000600000i[XGUI ] charmap update. Font Height is 16
00000776145i[BIOS ] ata0-0: PCHS=40/8/64 translation=large LCHS=40/8/64
00003622917i[FDD  ] controller reset in software
00222209000i[KBD  ] internal keyboard buffer full, ignoring scancode.(e0)
00222209000i[KBD  ] internal keyboard buffer full, ignoring scancode.(1c)
00222219000i[KBD  ] internal keyboard buffer full, ignoring scancode.(e0)
00222219000i[KBD  ] internal keyboard buffer full, ignoring scancode.(1c)
00222228000i[KBD  ] internal keyboard buffer full, ignoring scancode.(e0)
00222228000i[KBD  ] internal keyboard buffer full, ignoring scancode.(1c)
00222245000i[KBD  ] internal keyboard buffer full, ignoring scancode.(e0)
00222245000i[KBD  ] internal keyboard buffer full, ignoring scancode.(1c)
00222255000i[KBD  ] internal keyboard buffer full, ignoring scancode.(1c)
00222261000i[KBD  ] internal keyboard buffer full, ignoring scancode.(9c)
00222261000i[KBD  ] internal keyboard buffer full, ignoring scancode.(e0)
00222261000i[KBD  ] internal keyboard buffer full, ignoring scancode.(1c)
00222267000i[KBD  ] internal keyboard buffer full, ignoring scancode.(e0)
00222267000i[KBD  ] internal keyboard buffer full, ignoring scancode.(1c)
00222283000i[KBD  ] internal keyboard buffer full, ignoring scancode.(1c)
00222292000i[KBD  ] internal keyboard buffer full, ignoring scancode.(9c)
00222292000i[KBD  ] internal keyboard buffer full, ignoring scancode.(e0)
00222292000i[KBD  ] internal keyboard buffer full, ignoring scancode.(1c)
00222300000i[KBD  ] internal keyboard buffer full, ignoring scancode.(e0)
00222300000i[KBD  ] internal keyboard buffer full, ignoring scancode.(1c)
00222309000i[KBD  ] internal keyboard buffer full, ignoring scancode.(e0)
00222309000i[KBD  ] internal keyboard buffer full, ignoring scancode.(1c)
00222315000i[KBD  ] internal keyboard buffer full, ignoring scancode.(e0)
00222315000i[KBD  ] internal keyboard buffer full, ignoring scancode.(1c)
00222324000i[KBD  ] internal keyboard buffer full, ignoring scancode.(e0)
00222324000i[KBD  ] internal keyboard buffer full, ignoring scancode.(1c)
